-------------------------------------------------------------------------------
Test set: com.java_api.demo.ShipmentsControllerTest
-------------------------------------------------------------------------------
Tests run: 6, Failures: 0, Errors: 4, Skipped: 0, Time elapsed: 0.077 s <<< FAILURE! - in com.java_api.demo.ShipmentsControllerTest
testGetShipmentsCompleteAsAdmin  Time elapsed: 0.068 s  <<< ERROR!
java.lang.ArrayIndexOutOfBoundsException: Index 1 out of bounds for length 1
	at com.java_api.demo.ShipmentsControllerTest.testGetShipmentsCompleteAsAdmin(ShipmentsControllerTest.java:114)

testGetShipmentsAsUser  Time elapsed: 0.004 s  <<< ERROR!
java.lang.ArrayIndexOutOfBoundsException: Index 1 out of bounds for length 1
	at com.java_api.demo.ShipmentsControllerTest.testGetShipmentsAsUser(ShipmentsControllerTest.java:43)

testGetShipmentsCompleteAsUser  Time elapsed: 0 s  <<< ERROR!
java.lang.ArrayIndexOutOfBoundsException: Index 1 out of bounds for length 1
	at com.java_api.demo.ShipmentsControllerTest.testGetShipmentsCompleteAsUser(ShipmentsControllerTest.java:98)

testGetShipmentsAsAdmin  Time elapsed: 0.003 s  <<< ERROR!
java.lang.ArrayIndexOutOfBoundsException: Index 1 out of bounds for length 1
	at com.java_api.demo.ShipmentsControllerTest.testGetShipmentsAsAdmin(ShipmentsControllerTest.java:58)

