<?xml version="1.0" encoding="UTF-8"?>
<testsuite xmlns:xsi="http://www.w3.org/2001/XMLSchema-instance" xsi:noNamespaceSchemaLocation="https://maven.apache.org/surefire/maven-surefire-plugin/xsd/surefire-test-report.xsd" name="com.java_api.demo.ShipmentsControllerTest" time="0.077" tests="6" errors="4" skipped="0" failures="0">
  <properties>
[...]
</properties>
  <testcase name="testGetShipmentsCompleteAsAdmin" classname="com.java_api.demo.ShipmentsControllerTest" time="0.068">
    <error message="Index 1 out of bounds for length 1" type="java.lang.ArrayIndexOutOfBoundsException">java.lang.ArrayIndexOutOfBoundsException: Index 1 out of bounds for length 1
	at com.java_api.demo.ShipmentsControllerTest.testGetShipmentsCompleteAsAdmin(ShipmentsControllerTest.java:114)
</error>
  </testcase>
  <testcase name="testGetShipmentsAsUser" classname="com.java_api.demo.ShipmentsControllerTest" time="0.004">
    <error message="Index 1 out of bounds for length 1" type="java.lang.ArrayIndexOutOfBoundsException">java.lang.ArrayIndexOutOfBoundsException: Index 1 out of bounds for length 1
	at com.java_api.demo.ShipmentsControllerTest.testGetShipmentsAsUser(ShipmentsControllerTest.java:43)
</error>
    <system-out><![CDATA[2023-03-30T18:20:54.745+02:00  INFO 48975 --- [           main] com.java_api.demo.ShipmentsController    : Getting all shipments for user with auth token: auth-token
]]></system-out>
  </testcase>
  <testcase name="testGetShipmentsUnauthorized" classname="com.java_api.demo.ShipmentsControllerTest" time="0.001"/>
  <testcase name="testGetShipmentsCompleteAsUser" classname="com.java_api.demo.ShipmentsControllerTest" time="0">
    <error message="Index 1 out of bounds for length 1" type="java.lang.ArrayIndexOutOfBoundsException">java.lang.ArrayIndexOutOfBoundsException: Index 1 out of bounds for length 1
	at com.java_api.demo.ShipmentsControllerTest.testGetShipmentsCompleteAsUser(ShipmentsControllerTest.java:98)
</error>
  </testcase>
  <testcase name="testGetShipmentsAsAdmin" classname="com.java_api.demo.ShipmentsControllerTest" time="0.003">
    <error message="Index 1 out of bounds for length 1" type="java.lang.ArrayIndexOutOfBoundsException">java.lang.ArrayIndexOutOfBoundsException: Index 1 out of bounds for length 1
	at com.java_api.demo.ShipmentsControllerTest.testGetShipmentsAsAdmin(ShipmentsControllerTest.java:58)
</error>
    <system-out><![CDATA[2023-03-30T18:20:54.749+02:00  INFO 48975 --- [           main] com.java_api.demo.ShipmentsController    : Getting all shipments for user with auth token: admin-auth-token
]]></system-out>
  </testcase>
  <testcase name="testGetShipmentsInvalidAuthToken" classname="com.java_api.demo.ShipmentsControllerTest" time="0"/>
</testsuite>