<?xml version="1.0" encoding="UTF-8"?>
<testsuite xmlns:xsi="http://www.w3.org/2001/XMLSchema-instance" xsi:noNamespaceSchemaLocation="https://maven.apache.org/surefire/maven-surefire-plugin/xsd/surefire-test-report.xsd" name="com.java_api.demo.SettingsControllerTest" time="2.523" tests="5" errors="0" skipped="0" failures="0">
  <properties>
[...]
</properties>
  <testcase name="testGetCountryMultipliers" classname="com.java_api.demo.SettingsControllerTest" time="0.184"/>
  <testcase name="testAddCountryUnauthorizedUser" classname="com.java_api.demo.SettingsControllerTest" time="0.035"/>
  <testcase name="testAddCountrySuccess" classname="com.java_api.demo.SettingsControllerTest" time="0.03"/>
  <testcase name="testGetCountryMultipliersSuccess" classname="com.java_api.demo.SettingsControllerTest" time="0.027"/>
  <testcase name="testUpdateCountrySuccess" classname="com.java_api.demo.SettingsControllerTest" time="0.021"/>
</testsuite>